INFO:root:Loading Config in trial.py
INFO:root:Config loaded in trial.py
INFO:root:Loading Config in trial.py
INFO:root:Config loaded in trial.py
INFO:root:Loading Config in trial.py
INFO:root:Config loaded in trial.py
INFO:root:Loading Config in trial.py
INFO:root:Config loaded in trial.py
ERROR:asyncio:Task exception was never retrieved
future: <Task finished name='Task-27' coro=<producer_handler() done, defined at /Users/nadeen/dev/HIPPO_Gym/App/communicator.py:57> exception=TypeError('data is a dict-like object')>
Traceback (most recent call last):
  File "/Users/nadeen/dev/HIPPO_Gym/App/communicator.py", line 70, in producer_handler
    done = await producer(websocket, pipe)
  File "/Users/nadeen/dev/HIPPO_Gym/App/communicator.py", line 88, in producer
    await websocket.send(message)
  File "/Library/Frameworks/Python.framework/Versions/3.9/lib/python3.9/site-packages/websockets/legacy/protocol.py", line 488, in send
    raise TypeError("data is a dict-like object")
TypeError: data is a dict-like object
INFO:root:Loading Config in trial.py
INFO:root:Config loaded in trial.py
INFO:root:Loading Config in trial.py
INFO:root:Config loaded in trial.py
INFO:root:Loading Config in trial.py
INFO:root:Config loaded in trial.py
INFO:root:Loading Config in trial.py
INFO:root:Config loaded in trial.py
INFO:root:Loading Config in trial.py
INFO:root:Config loaded in trial.py
INFO:root:Loading Config in trial.py
INFO:root:Config loaded in trial.py
INFO:root:Loading Config in trial.py
INFO:root:Config loaded in trial.py
INFO:root:Loading Config in trial.py
INFO:root:Config loaded in trial.py
INFO:root:Loading Config in trial.py
INFO:root:Config loaded in trial.py
INFO:root:Loading Config in trial.py
INFO:root:Config loaded in trial.py
INFO:root:Loading Config in trial.py
INFO:root:Config loaded in trial.py
INFO:root:Loading Config in trial.py
INFO:root:Config loaded in trial.py
INFO:root:Loading Config in trial.py
INFO:root:Config loaded in trial.py
INFO:root:Loading Config in trial.py
INFO:root:Config loaded in trial.py
INFO:root:Loading Config in trial.py
INFO:root:Config loaded in trial.py
INFO:root:Loading Config in trial.py
INFO:root:Config loaded in trial.py
INFO:root:Loading Config in trial.py
INFO:root:Config loaded in trial.py
INFO:root:Loading Config in trial.py
INFO:root:Config loaded in trial.py
INFO:root:Loading Config in trial.py
INFO:root:Config loaded in trial.py
INFO:root:Loading Config in trial.py
INFO:root:Config loaded in trial.py
INFO:root:Loading Config in trial.py
INFO:root:Config loaded in trial.py
INFO:root:Loading Config in trial.py
INFO:root:Config loaded in trial.py
INFO:root:Loading Config in trial.py
INFO:root:Config loaded in trial.py
INFO:root:Loading Config in trial.py
INFO:root:Config loaded in trial.py
INFO:root:Loading Config in trial.py
INFO:root:Config loaded in trial.py
INFO:root:Loading Config in trial.py
INFO:root:Config loaded in trial.py
INFO:root:Loading Config in trial.py
INFO:root:Config loaded in trial.py
INFO:root:Loading Config in trial.py
INFO:root:Config loaded in trial.py
INFO:root:Loading Config in trial.py
INFO:root:Config loaded in trial.py
INFO:root:Loading Config in trial.py
INFO:root:Config loaded in trial.py
INFO:root:Loading Config in trial.py
INFO:root:Config loaded in trial.py
INFO:root:Loading Config in trial.py
INFO:root:Config loaded in trial.py
INFO:root:Loading Config in trial.py
INFO:root:Config loaded in trial.py
INFO:root:Loading Config in trial.py
INFO:root:Config loaded in trial.py
INFO:root:Loading Config in trial.py
INFO:root:Config loaded in trial.py
INFO:root:Loading Config in trial.py
INFO:root:Config loaded in trial.py
INFO:root:Loading Config in trial.py
INFO:root:Config loaded in trial.py
INFO:root:Loading Config in trial.py
INFO:root:Config loaded in trial.py
INFO:root:Loading Config in trial.py
INFO:root:Config loaded in trial.py
INFO:root:Loading Config in trial.py
INFO:root:Config loaded in trial.py
INFO:root:Loading Config in trial.py
INFO:root:Config loaded in trial.py
INFO:root:Loading Config in trial.py
INFO:root:Config loaded in trial.py
INFO:root:Loading Config in trial.py
INFO:root:Config loaded in trial.py
INFO:root:Loading Config in trial.py
INFO:root:Config loaded in trial.py
INFO:root:Loading Config in trial.py
INFO:root:Config loaded in trial.py
INFO:root:Loading Config in trial.py
INFO:root:Config loaded in trial.py
INFO:root:Loading Config in trial.py
INFO:root:Config loaded in trial.py
INFO:root:Loading Config in trial.py
INFO:root:Config loaded in trial.py
INFO:root:Loading Config in trial.py
INFO:root:Config loaded in trial.py
INFO:root:Loading Config in trial.py
INFO:root:Config loaded in trial.py
INFO:root:Loading Config in trial.py
INFO:root:Config loaded in trial.py
INFO:root:Loading Config in trial.py
INFO:root:Config loaded in trial.py
INFO:root:Loading Config in trial.py
INFO:root:Config loaded in trial.py
INFO:root:Loading Config in trial.py
INFO:root:Config loaded in trial.py
INFO:root:Loading Config in trial.py
INFO:root:Config loaded in trial.py
INFO:root:Loading Config in trial.py
INFO:root:Config loaded in trial.py
INFO:root:Loading Config in trial.py
INFO:root:Config loaded in trial.py
INFO:root:Loading Config in trial.py
INFO:root:Config loaded in trial.py
